{"label":"mock-rest-cuenta-fan-clan/index.js","level":"info","message":"======= servidor online =======4000","timestamp":"2023-04-21 22:17:27"}
{"label":"mock-rest-cuenta-fan-clan/index.js","level":"info","message":"======= servidor online =======4000","timestamp":"2023-04-21 22:37:29"}
{"label":"mock-rest-cuenta-fan-clan/index.js","level":"info","message":"======= servidor online =======4000","timestamp":"2023-04-21 22:59:09"}
{"label":"mock-rest-cuenta-fan-clan/index.js","level":"info","message":"======= servidor online =======4000","timestamp":"2023-04-21 23:02:19"}
{"label":"mock-rest-cuenta-fan-clan/index.js","level":"info","message":"======= servidor online =======4000","timestamp":"2023-04-21 23:03:12"}
{"label":"mock-rest-cuenta-fan-clan/index.js","level":"info","message":"======= servidor online ==========","timestamp":"2023-04-21 23:14:58"}
{"label":"mock-rest-cuenta-fan-clan/index.js","level":"info","message":"======= 4000 =======","timestamp":"2023-04-21 23:14:58"}
{"label":"mock-rest-cuenta-fan-clan/index.js","level":"info","message":"==================================","timestamp":"2023-04-21 23:14:58"}
{"label":"mock-rest-cuenta-fan-clan/index.js","level":"info","message":"======= servidor online ==========","timestamp":"2023-04-21 23:41:30"}
{"label":"mock-rest-cuenta-fan-clan/index.js","level":"info","message":"======= 4000 =======","timestamp":"2023-04-21 23:41:30"}
{"label":"mock-rest-cuenta-fan-clan/index.js","level":"info","message":"==================================","timestamp":"2023-04-21 23:41:30"}
{"label":"mock-rest-cuenta-fan-clan/index.js","level":"info","message":"======= servidor online ==========","timestamp":"2023-04-22 00:16:29"}
{"label":"mock-rest-cuenta-fan-clan/index.js","level":"info","message":"======= 4000 =======","timestamp":"2023-04-22 00:16:29"}
{"label":"mock-rest-cuenta-fan-clan/index.js","level":"info","message":"==================================","timestamp":"2023-04-22 00:16:29"}
{"label":"mock-rest-cuenta-fan-clan/index.js","level":"info","message":"======= servidor online ==========","timestamp":"2023-04-22 00:17:21"}
{"label":"mock-rest-cuenta-fan-clan/index.js","level":"info","message":"======= 4000 =======","timestamp":"2023-04-22 00:17:21"}
{"label":"mock-rest-cuenta-fan-clan/index.js","level":"info","message":"==================================","timestamp":"2023-04-22 00:17:21"}
{"label":"mock-rest-cuenta-fan-clan/index.js","level":"info","message":"======= servidor online ==========","timestamp":"2023-04-22 00:19:32"}
{"label":"mock-rest-cuenta-fan-clan/index.js","level":"info","message":"======= 4000 =======","timestamp":"2023-04-22 00:19:32"}
{"label":"mock-rest-cuenta-fan-clan/index.js","level":"info","message":"==================================","timestamp":"2023-04-22 00:19:32"}
{"label":"mock-rest-cuenta-fan-clan/index.js","level":"info","message":"======= servidor online ==========","timestamp":"2023-05-14 18:41:57"}
{"label":"mock-rest-cuenta-fan-clan/index.js","level":"info","message":"======= 4000 =======","timestamp":"2023-05-14 18:41:57"}
{"label":"mock-rest-cuenta-fan-clan/index.js","level":"info","message":"==================================","timestamp":"2023-05-14 18:41:57"}
{"label":"mock-rest-cuenta-fan-clan/index.js","level":"info","message":"======= servidor online ==========","timestamp":"2023-05-14 18:43:30"}
{"label":"mock-rest-cuenta-fan-clan/index.js","level":"info","message":"======= 4000 =======","timestamp":"2023-05-14 18:43:30"}
{"label":"mock-rest-cuenta-fan-clan/index.js","level":"info","message":"==================================","timestamp":"2023-05-14 18:43:30"}
{"label":"mock-rest-cuenta-fan-clan/index.js","level":"info","message":"======= servidor online ==========","timestamp":"2023-05-14 18:44:15"}
{"label":"mock-rest-cuenta-fan-clan/index.js","level":"info","message":"======= 4000 =======","timestamp":"2023-05-14 18:44:15"}
{"label":"mock-rest-cuenta-fan-clan/index.js","level":"info","message":"==================================","timestamp":"2023-05-14 18:44:15"}
{"label":"mock-rest-cuenta-fan-clan/index.js","level":"info","message":"======= servidor online ==========","timestamp":"2023-05-14 18:45:23"}
{"label":"mock-rest-cuenta-fan-clan/index.js","level":"info","message":"======= 4000 =======","timestamp":"2023-05-14 18:45:23"}
{"label":"mock-rest-cuenta-fan-clan/index.js","level":"info","message":"==================================","timestamp":"2023-05-14 18:45:23"}
{"label":"mock-rest-cuenta-fan-clan/index.js","level":"info","message":"======= servidor online ==========","timestamp":"2023-05-14 18:46:07"}
{"label":"mock-rest-cuenta-fan-clan/index.js","level":"info","message":"======= 4000 =======","timestamp":"2023-05-14 18:46:07"}
{"label":"mock-rest-cuenta-fan-clan/index.js","level":"info","message":"==================================","timestamp":"2023-05-14 18:46:07"}
{"label":"mock-rest-cuenta-fan-clan/index.js","level":"info","message":"======= servidor online ==========","timestamp":"2023-05-14 18:47:46"}
{"label":"mock-rest-cuenta-fan-clan/index.js","level":"info","message":"======= 4000 =======","timestamp":"2023-05-14 18:47:46"}
{"label":"mock-rest-cuenta-fan-clan/index.js","level":"info","message":"==================================","timestamp":"2023-05-14 18:47:46"}
{"label":"mock-rest-cuenta-fan-clan/index.js","level":"info","message":"======= servidor online ==========","timestamp":"2023-05-14 18:49:07"}
{"label":"mock-rest-cuenta-fan-clan/index.js","level":"info","message":"======= 4000 =======","timestamp":"2023-05-14 18:49:07"}
{"label":"mock-rest-cuenta-fan-clan/index.js","level":"info","message":"==================================","timestamp":"2023-05-14 18:49:07"}
{"label":"mock-rest-cuenta-fan-clan/index.js","level":"info","message":"======= servidor online ==========","timestamp":"2023-05-14 18:52:33"}
{"label":"mock-rest-cuenta-fan-clan/index.js","level":"info","message":"======= 4000 =======","timestamp":"2023-05-14 18:52:33"}
{"label":"mock-rest-cuenta-fan-clan/index.js","level":"info","message":"==================================","timestamp":"2023-05-14 18:52:33"}
{"label":"mock-rest-cuenta-fan-clan/index.js","level":"info","message":"======= servidor online ==========","timestamp":"2023-05-14 18:54:29"}
{"label":"mock-rest-cuenta-fan-clan/index.js","level":"info","message":"======= 4000 =======","timestamp":"2023-05-14 18:54:29"}
{"label":"mock-rest-cuenta-fan-clan/index.js","level":"info","message":"==================================","timestamp":"2023-05-14 18:54:29"}
{"label":"mock-rest-cuenta-fan-clan/index.js","level":"info","message":"======= servidor online ==========","timestamp":"2023-05-14 18:57:00"}
{"label":"mock-rest-cuenta-fan-clan/index.js","level":"info","message":"======= 4000 =======","timestamp":"2023-05-14 18:57:00"}
{"label":"mock-rest-cuenta-fan-clan/index.js","level":"info","message":"==================================","timestamp":"2023-05-14 18:57:00"}
{"label":"mock-rest-cuenta-fan-clan/index.js","level":"info","message":"======= servidor online ==========","timestamp":"2023-05-14 19:00:24"}
{"label":"mock-rest-cuenta-fan-clan/index.js","level":"info","message":"======= 4000 =======","timestamp":"2023-05-14 19:00:24"}
{"label":"mock-rest-cuenta-fan-clan/index.js","level":"info","message":"==================================","timestamp":"2023-05-14 19:00:24"}
{"label":"mock-rest-cuenta-fan-clan/index.js","level":"info","message":"======= servidor online ==========","timestamp":"2023-05-14 19:08:30"}
{"label":"mock-rest-cuenta-fan-clan/index.js","level":"info","message":"======= 4000 =======","timestamp":"2023-05-14 19:08:30"}
{"label":"mock-rest-cuenta-fan-clan/index.js","level":"info","message":"==================================","timestamp":"2023-05-14 19:08:30"}
{"label":"mock-rest-cuenta-fan-clan/index.js","level":"info","message":"======= servidor online ==========","timestamp":"2023-05-14 19:09:09"}
{"label":"mock-rest-cuenta-fan-clan/index.js","level":"info","message":"======= 4000 =======","timestamp":"2023-05-14 19:09:09"}
{"label":"mock-rest-cuenta-fan-clan/index.js","level":"info","message":"==================================","timestamp":"2023-05-14 19:09:09"}
{"label":"mock-rest-cuenta-fan-clan/index.js","level":"info","message":"======= servidor online ==========","timestamp":"2023-05-14 19:09:57"}
{"label":"mock-rest-cuenta-fan-clan/index.js","level":"info","message":"======= 4000 =======","timestamp":"2023-05-14 19:09:57"}
{"label":"mock-rest-cuenta-fan-clan/index.js","level":"info","message":"==================================","timestamp":"2023-05-14 19:09:57"}
{"label":"mock-rest-cuenta-fan-clan/index.js","level":"info","message":"======= servidor online ==========","timestamp":"2023-05-14 19:11:38"}
{"label":"mock-rest-cuenta-fan-clan/index.js","level":"info","message":"======= 4000 =======","timestamp":"2023-05-14 19:11:38"}
{"label":"mock-rest-cuenta-fan-clan/index.js","level":"info","message":"==================================","timestamp":"2023-05-14 19:11:38"}
{"label":"mock-rest-cuenta-fan-clan/index.js","level":"info","message":"======= servidor online ==========","timestamp":"2023-05-14 19:12:30"}
{"label":"mock-rest-cuenta-fan-clan/index.js","level":"info","message":"======= 4000 =======","timestamp":"2023-05-14 19:12:30"}
{"label":"mock-rest-cuenta-fan-clan/index.js","level":"info","message":"==================================","timestamp":"2023-05-14 19:12:30"}
{"label":"mock-rest-cuenta-fan-clan/index.js","level":"info","message":"======= servidor online ==========","timestamp":"2023-05-14 19:30:28"}
{"label":"mock-rest-cuenta-fan-clan/index.js","level":"info","message":"======= 4000 =======","timestamp":"2023-05-14 19:30:28"}
{"label":"mock-rest-cuenta-fan-clan/index.js","level":"info","message":"==================================","timestamp":"2023-05-14 19:30:28"}
{"label":"mock-rest-cuenta-fan-clan/index.js","level":"info","message":"======= servidor online ==========","timestamp":"2023-05-14 19:32:07"}
{"label":"mock-rest-cuenta-fan-clan/index.js","level":"info","message":"======= 4000 =======","timestamp":"2023-05-14 19:32:07"}
{"label":"mock-rest-cuenta-fan-clan/index.js","level":"info","message":"==================================","timestamp":"2023-05-14 19:32:07"}
{"label":"mock-rest-cuenta-fan-clan/index.js","level":"info","message":"======= servidor online ==========","timestamp":"2023-05-14 19:36:06"}
{"label":"mock-rest-cuenta-fan-clan/index.js","level":"info","message":"======= 4000 =======","timestamp":"2023-05-14 19:36:06"}
{"label":"mock-rest-cuenta-fan-clan/index.js","level":"info","message":"==================================","timestamp":"2023-05-14 19:36:06"}
{"label":"mock-rest-cuenta-fan-clan/index.js","level":"info","message":"======= servidor online ==========","timestamp":"2023-05-14 19:44:44"}
{"label":"mock-rest-cuenta-fan-clan/index.js","level":"info","message":"======= 4000 =======","timestamp":"2023-05-14 19:44:44"}
{"label":"mock-rest-cuenta-fan-clan/index.js","level":"info","message":"==================================","timestamp":"2023-05-14 19:44:44"}
{"label":"mock-rest-cuenta-fan-clan/index.js","level":"info","message":"======= servidor online ==========","timestamp":"2023-05-14 19:51:22"}
{"label":"mock-rest-cuenta-fan-clan/index.js","level":"info","message":"======= 4000 =======","timestamp":"2023-05-14 19:51:22"}
{"label":"mock-rest-cuenta-fan-clan/index.js","level":"info","message":"==================================","timestamp":"2023-05-14 19:51:22"}
{"label":"mock-rest-cuenta-fan-clan/index.js","level":"info","message":"======= servidor online ==========","timestamp":"2023-05-14 19:55:03"}
{"label":"mock-rest-cuenta-fan-clan/index.js","level":"info","message":"======= 4000 =======","timestamp":"2023-05-14 19:55:03"}
{"label":"mock-rest-cuenta-fan-clan/index.js","level":"info","message":"==================================","timestamp":"2023-05-14 19:55:03"}
{"label":"mock-rest-cuenta-fan-clan/index.js","level":"info","message":"======= servidor online ==========","timestamp":"2023-05-14 20:32:31"}
{"label":"mock-rest-cuenta-fan-clan/index.js","level":"info","message":"======= 4000 =======","timestamp":"2023-05-14 20:32:31"}
{"label":"mock-rest-cuenta-fan-clan/index.js","level":"info","message":"==================================","timestamp":"2023-05-14 20:32:31"}
{"label":"mock-rest-cuenta-fan-clan/index.js","level":"info","message":"======= servidor online ==========","timestamp":"2023-05-14 20:36:44"}
{"label":"mock-rest-cuenta-fan-clan/index.js","level":"info","message":"======= 4000 =======","timestamp":"2023-05-14 20:36:44"}
{"label":"mock-rest-cuenta-fan-clan/index.js","level":"info","message":"==================================","timestamp":"2023-05-14 20:36:44"}
{"label":"mock-rest-cuenta-fan-clan/index.js","level":"info","message":"======= servidor online ==========","timestamp":"2023-05-14 23:27:02"}
{"label":"mock-rest-cuenta-fan-clan/index.js","level":"info","message":"======= 4000 =======","timestamp":"2023-05-14 23:27:02"}
{"label":"mock-rest-cuenta-fan-clan/index.js","level":"info","message":"==================================","timestamp":"2023-05-14 23:27:02"}
{"label":"mock-rest-cuenta-fan-clan/index.js","level":"info","message":"======= servidor online ==========","timestamp":"2023-05-14 23:28:15"}
{"label":"mock-rest-cuenta-fan-clan/index.js","level":"info","message":"======= 4000 =======","timestamp":"2023-05-14 23:28:15"}
{"label":"mock-rest-cuenta-fan-clan/index.js","level":"info","message":"==================================","timestamp":"2023-05-14 23:28:15"}
{"label":"mock-rest-cuenta-fan-clan/index.js","level":"info","message":"======= servidor online ==========","timestamp":"2023-05-14 23:29:13"}
{"label":"mock-rest-cuenta-fan-clan/index.js","level":"info","message":"======= 4000 =======","timestamp":"2023-05-14 23:29:13"}
{"label":"mock-rest-cuenta-fan-clan/index.js","level":"info","message":"==================================","timestamp":"2023-05-14 23:29:13"}
{"label":"mock-rest-cuenta-fan-clan/index.js","level":"info","message":"======= servidor online ==========","timestamp":"2023-05-14 23:29:46"}
{"label":"mock-rest-cuenta-fan-clan/index.js","level":"info","message":"======= 4000 =======","timestamp":"2023-05-14 23:29:46"}
{"label":"mock-rest-cuenta-fan-clan/index.js","level":"info","message":"==================================","timestamp":"2023-05-14 23:29:46"}
{"label":"mock-rest-cuenta-fan-clan/index.js","level":"info","message":"======= servidor online ==========","timestamp":"2023-05-14 23:30:29"}
{"label":"mock-rest-cuenta-fan-clan/index.js","level":"info","message":"======= 4000 =======","timestamp":"2023-05-14 23:30:29"}
{"label":"mock-rest-cuenta-fan-clan/index.js","level":"info","message":"==================================","timestamp":"2023-05-14 23:30:29"}
{"label":"mock-rest-cuenta-fan-clan/index.js","level":"info","message":"======= servidor online ==========","timestamp":"2023-05-14 23:31:13"}
{"label":"mock-rest-cuenta-fan-clan/index.js","level":"info","message":"======= 4000 =======","timestamp":"2023-05-14 23:31:13"}
{"label":"mock-rest-cuenta-fan-clan/index.js","level":"info","message":"==================================","timestamp":"2023-05-14 23:31:13"}
{"label":"mock-rest-cuenta-fan-clan/index.js","level":"info","message":"======= servidor online ==========","timestamp":"2023-05-14 23:33:02"}
{"label":"mock-rest-cuenta-fan-clan/index.js","level":"info","message":"======= 4000 =======","timestamp":"2023-05-14 23:33:02"}
{"label":"mock-rest-cuenta-fan-clan/index.js","level":"info","message":"==================================","timestamp":"2023-05-14 23:33:02"}
{"label":"mock-rest-cuenta-fan-clan/index.js","level":"info","message":"======= servidor online ==========","timestamp":"2023-05-14 23:34:01"}
{"label":"mock-rest-cuenta-fan-clan/index.js","level":"info","message":"======= 4000 =======","timestamp":"2023-05-14 23:34:01"}
{"label":"mock-rest-cuenta-fan-clan/index.js","level":"info","message":"==================================","timestamp":"2023-05-14 23:34:01"}
{"label":"mock-rest-cuenta-fan-clan/index.js","level":"info","message":"======= servidor online ==========","timestamp":"2023-05-14 23:34:50"}
{"label":"mock-rest-cuenta-fan-clan/index.js","level":"info","message":"======= 4000 =======","timestamp":"2023-05-14 23:34:51"}
{"label":"mock-rest-cuenta-fan-clan/index.js","level":"info","message":"==================================","timestamp":"2023-05-14 23:34:51"}
{"label":"mock-rest-cuenta-fan-clan/index.js","level":"info","message":"======= servidor online ==========","timestamp":"2023-05-14 23:35:09"}
{"label":"mock-rest-cuenta-fan-clan/index.js","level":"info","message":"======= 4000 =======","timestamp":"2023-05-14 23:35:09"}
{"label":"mock-rest-cuenta-fan-clan/index.js","level":"info","message":"==================================","timestamp":"2023-05-14 23:35:09"}
{"label":"mock-rest-cuenta-fan-clan/index.js","level":"info","message":"======= servidor online ==========","timestamp":"2023-05-14 23:36:12"}
{"label":"mock-rest-cuenta-fan-clan/index.js","level":"info","message":"======= 4000 =======","timestamp":"2023-05-14 23:36:12"}
{"label":"mock-rest-cuenta-fan-clan/index.js","level":"info","message":"==================================","timestamp":"2023-05-14 23:36:12"}
{"label":"mock-rest-cuenta-fan-clan/index.js","level":"info","message":"======= servidor online ==========","timestamp":"2023-05-14 23:37:52"}
{"label":"mock-rest-cuenta-fan-clan/index.js","level":"info","message":"======= 4000 =======","timestamp":"2023-05-14 23:37:52"}
{"label":"mock-rest-cuenta-fan-clan/index.js","level":"info","message":"==================================","timestamp":"2023-05-14 23:37:52"}
{"label":"mock-rest-cuenta-fan-clan/index.js","level":"info","message":"======= servidor online ==========","timestamp":"2023-05-14 23:38:26"}
{"label":"mock-rest-cuenta-fan-clan/index.js","level":"info","message":"======= 4000 =======","timestamp":"2023-05-14 23:38:26"}
{"label":"mock-rest-cuenta-fan-clan/index.js","level":"info","message":"==================================","timestamp":"2023-05-14 23:38:26"}
{"label":"mock-rest-cuenta-fan-clan/index.js","level":"info","message":"======= servidor online ==========","timestamp":"2023-05-14 23:40:41"}
{"label":"mock-rest-cuenta-fan-clan/index.js","level":"info","message":"======= 4000 =======","timestamp":"2023-05-14 23:40:41"}
{"label":"mock-rest-cuenta-fan-clan/index.js","level":"info","message":"==================================","timestamp":"2023-05-14 23:40:41"}
{"label":"mock-rest-cuenta-fan-clan/index.js","level":"info","message":"======= servidor online ==========","timestamp":"2023-05-15 16:05:07"}
{"label":"mock-rest-cuenta-fan-clan/index.js","level":"info","message":"======= 4000 =======","timestamp":"2023-05-15 16:05:07"}
{"label":"mock-rest-cuenta-fan-clan/index.js","level":"info","message":"==================================","timestamp":"2023-05-15 16:05:07"}
{"label":"mock-rest-cuenta-fan-clan/index.js","level":"info","message":"======= servidor online ==========","timestamp":"2023-05-15 16:09:42"}
{"label":"mock-rest-cuenta-fan-clan/index.js","level":"info","message":"======= 4000 =======","timestamp":"2023-05-15 16:09:42"}
{"label":"mock-rest-cuenta-fan-clan/index.js","level":"info","message":"==================================","timestamp":"2023-05-15 16:09:42"}
{"label":"bot/index.js","level":"info","message":"======= servidor online ==========","timestamp":"2023-05-17 16:10:24"}
{"label":"bot/index.js","level":"info","message":"======= 4000 =======","timestamp":"2023-05-17 16:10:24"}
{"label":"bot/index.js","level":"info","message":"==================================","timestamp":"2023-05-17 16:10:24"}
{"label":"bot/index.js","level":"info","message":"======= servidor online ==========","timestamp":"2023-05-17 16:11:03"}
{"label":"bot/index.js","level":"info","message":"======= 4000 =======","timestamp":"2023-05-17 16:11:03"}
{"label":"bot/index.js","level":"info","message":"==================================","timestamp":"2023-05-17 16:11:03"}
{"label":"bot/index.js","level":"info","message":"======= servidor online ==========","timestamp":"2023-05-17 16:11:41"}
{"label":"bot/index.js","level":"info","message":"======= 4000 =======","timestamp":"2023-05-17 16:11:41"}
{"label":"bot/index.js","level":"info","message":"==================================","timestamp":"2023-05-17 16:11:41"}
{"label":"bot/index.js","level":"info","message":"======= servidor online ==========","timestamp":"2023-05-17 16:12:29"}
{"label":"bot/index.js","level":"info","message":"======= 4000 =======","timestamp":"2023-05-17 16:12:29"}
{"label":"bot/index.js","level":"info","message":"==================================","timestamp":"2023-05-17 16:12:29"}
{"label":"bot/index.js","level":"info","message":"======= servidor online ==========","timestamp":"2023-05-17 16:14:37"}
{"label":"bot/index.js","level":"info","message":"======= 4000 =======","timestamp":"2023-05-17 16:14:37"}
{"label":"bot/index.js","level":"info","message":"==================================","timestamp":"2023-05-17 16:14:37"}
{"label":"bot/index.js","level":"info","message":"======= servidor online ==========","timestamp":"2023-05-17 16:15:04"}
{"label":"bot/index.js","level":"info","message":"======= 4000 =======","timestamp":"2023-05-17 16:15:04"}
{"label":"bot/index.js","level":"info","message":"==================================","timestamp":"2023-05-17 16:15:04"}
{"label":"bot/index.js","level":"info","message":"======= servidor online ==========","timestamp":"2023-05-17 16:15:22"}
{"label":"bot/index.js","level":"info","message":"======= 4000 =======","timestamp":"2023-05-17 16:15:22"}
{"label":"bot/index.js","level":"info","message":"==================================","timestamp":"2023-05-17 16:15:22"}
{"label":"bot/index.js","level":"info","message":"======= servidor online ==========","timestamp":"2023-05-17 16:18:21"}
{"label":"bot/index.js","level":"info","message":"======= 4000 =======","timestamp":"2023-05-17 16:18:21"}
{"label":"bot/index.js","level":"info","message":"==================================","timestamp":"2023-05-17 16:18:21"}
{"label":"bot/index.js","level":"info","message":"======= servidor online ==========","timestamp":"2023-05-17 16:19:05"}
{"label":"bot/index.js","level":"info","message":"======= 4000 =======","timestamp":"2023-05-17 16:19:05"}
{"label":"bot/index.js","level":"info","message":"==================================","timestamp":"2023-05-17 16:19:05"}
{"label":"bot/index.js","level":"info","message":"======= servidor online ==========","timestamp":"2023-05-17 16:19:22"}
{"label":"bot/index.js","level":"info","message":"======= 4000 =======","timestamp":"2023-05-17 16:19:22"}
{"label":"bot/index.js","level":"info","message":"==================================","timestamp":"2023-05-17 16:19:22"}
{"label":"bot/index.js","level":"info","message":"======= servidor online ==========","timestamp":"2023-05-17 16:20:34"}
{"label":"bot/index.js","level":"info","message":"======= 4000 =======","timestamp":"2023-05-17 16:20:34"}
{"label":"bot/index.js","level":"info","message":"==================================","timestamp":"2023-05-17 16:20:34"}
{"label":"bot/index.js","level":"info","message":"======= servidor online ==========","timestamp":"2023-05-17 16:21:55"}
{"label":"bot/index.js","level":"info","message":"======= 4000 =======","timestamp":"2023-05-17 16:21:55"}
{"label":"bot/index.js","level":"info","message":"==================================","timestamp":"2023-05-17 16:21:55"}
{"label":"bot/index.js","level":"info","message":"======= servidor online ==========","timestamp":"2023-05-17 16:22:34"}
{"label":"bot/index.js","level":"info","message":"======= 4000 =======","timestamp":"2023-05-17 16:22:34"}
{"label":"bot/index.js","level":"info","message":"==================================","timestamp":"2023-05-17 16:22:34"}
{"label":"bot/index.js","level":"info","message":"======= servidor online ==========","timestamp":"2023-05-17 16:23:12"}
{"label":"bot/index.js","level":"info","message":"======= 4000 =======","timestamp":"2023-05-17 16:23:12"}
{"label":"bot/index.js","level":"info","message":"==================================","timestamp":"2023-05-17 16:23:12"}
{"label":"bot/index.js","level":"info","message":"======= servidor online ==========","timestamp":"2023-05-17 16:23:55"}
{"label":"bot/index.js","level":"info","message":"======= 4000 =======","timestamp":"2023-05-17 16:23:55"}
{"label":"bot/index.js","level":"info","message":"==================================","timestamp":"2023-05-17 16:23:55"}
{"label":"bot/index.js","level":"info","message":"======= servidor online ==========","timestamp":"2023-05-17 16:26:08"}
{"label":"bot/index.js","level":"info","message":"======= 4000 =======","timestamp":"2023-05-17 16:26:08"}
{"label":"bot/index.js","level":"info","message":"==================================","timestamp":"2023-05-17 16:26:08"}
{"label":"bot/index.js","level":"info","message":"======= servidor online ==========","timestamp":"2023-05-17 16:27:18"}
{"label":"bot/index.js","level":"info","message":"======= 4000 =======","timestamp":"2023-05-17 16:27:18"}
{"label":"bot/index.js","level":"info","message":"==================================","timestamp":"2023-05-17 16:27:18"}
{"label":"bot/index.js","level":"info","message":"======= servidor online ==========","timestamp":"2023-05-17 16:30:44"}
{"label":"bot/index.js","level":"info","message":"======= 4000 =======","timestamp":"2023-05-17 16:30:44"}
{"label":"bot/index.js","level":"info","message":"==================================","timestamp":"2023-05-17 16:30:44"}
{"label":"bot/index.js","level":"info","message":"======= servidor online ==========","timestamp":"2023-05-17 16:37:47"}
{"label":"bot/index.js","level":"info","message":"======= 4000 =======","timestamp":"2023-05-17 16:37:47"}
{"label":"bot/index.js","level":"info","message":"==================================","timestamp":"2023-05-17 16:37:47"}
{"label":"bot/index.js","level":"info","message":"======= servidor online ==========","timestamp":"2023-05-17 16:39:24"}
{"label":"bot/index.js","level":"info","message":"======= 4000 =======","timestamp":"2023-05-17 16:39:24"}
{"label":"bot/index.js","level":"info","message":"==================================","timestamp":"2023-05-17 16:39:24"}
{"label":"bot/index.js","level":"info","message":"======= servidor online ==========","timestamp":"2023-05-17 16:40:27"}
{"label":"bot/index.js","level":"info","message":"======= 4000 =======","timestamp":"2023-05-17 16:40:27"}
{"label":"bot/index.js","level":"info","message":"==================================","timestamp":"2023-05-17 16:40:27"}
{"label":"bot/index.js","level":"info","message":"======= servidor online ==========","timestamp":"2023-05-17 16:42:35"}
{"label":"bot/index.js","level":"info","message":"======= 4000 =======","timestamp":"2023-05-17 16:42:35"}
{"label":"bot/index.js","level":"info","message":"==================================","timestamp":"2023-05-17 16:42:35"}
{"label":"bot/index.js","level":"info","message":"======= servidor online ==========","timestamp":"2023-05-17 16:44:11"}
{"label":"bot/index.js","level":"info","message":"======= 4000 =======","timestamp":"2023-05-17 16:44:11"}
{"label":"bot/index.js","level":"info","message":"==================================","timestamp":"2023-05-17 16:44:11"}
{"label":"bot/index.js","level":"info","message":"======= servidor online ==========","timestamp":"2023-05-17 17:04:03"}
{"label":"bot/index.js","level":"info","message":"======= 4000 =======","timestamp":"2023-05-17 17:04:03"}
{"label":"bot/index.js","level":"info","message":"==================================","timestamp":"2023-05-17 17:04:03"}
{"label":"bot/index.js","level":"info","message":"======= servidor online ==========","timestamp":"2023-05-17 17:05:02"}
{"label":"bot/index.js","level":"info","message":"======= 4000 =======","timestamp":"2023-05-17 17:05:02"}
{"label":"bot/index.js","level":"info","message":"==================================","timestamp":"2023-05-17 17:05:02"}
{"label":"bot/index.js","level":"info","message":"======= servidor online ==========","timestamp":"2023-05-17 17:10:06"}
{"label":"bot/index.js","level":"info","message":"======= 4000 =======","timestamp":"2023-05-17 17:10:06"}
{"label":"bot/index.js","level":"info","message":"==================================","timestamp":"2023-05-17 17:10:06"}
{"label":"bot/index.js","level":"info","message":"======= servidor online ==========","timestamp":"2023-05-17 17:47:41"}
{"label":"bot/index.js","level":"info","message":"======= 4000 =======","timestamp":"2023-05-17 17:47:41"}
{"label":"bot/index.js","level":"info","message":"==================================","timestamp":"2023-05-17 17:47:41"}
{"label":"bot/index.js","level":"info","message":"======= servidor online ==========","timestamp":"2023-05-17 17:49:46"}
{"label":"bot/index.js","level":"info","message":"======= 4000 =======","timestamp":"2023-05-17 17:49:46"}
{"label":"bot/index.js","level":"info","message":"==================================","timestamp":"2023-05-17 17:49:46"}
{"label":"bot/index.js","level":"info","message":"======= servidor online ==========","timestamp":"2023-05-17 17:51:02"}
{"label":"bot/index.js","level":"info","message":"======= 4000 =======","timestamp":"2023-05-17 17:51:02"}
{"label":"bot/index.js","level":"info","message":"==================================","timestamp":"2023-05-17 17:51:02"}
{"label":"bot/index.js","level":"info","message":"======= servidor online ==========","timestamp":"2023-05-17 17:51:56"}
{"label":"bot/index.js","level":"info","message":"======= 4000 =======","timestamp":"2023-05-17 17:51:56"}
{"label":"bot/index.js","level":"info","message":"==================================","timestamp":"2023-05-17 17:51:56"}
{"label":"bot/index.js","level":"info","message":"======= servidor online ==========","timestamp":"2023-05-17 17:52:33"}
{"label":"bot/index.js","level":"info","message":"======= 4000 =======","timestamp":"2023-05-17 17:52:33"}
{"label":"bot/index.js","level":"info","message":"==================================","timestamp":"2023-05-17 17:52:33"}
{"label":"bot/index.js","level":"info","message":"======= servidor online ==========","timestamp":"2023-05-17 17:53:41"}
{"label":"bot/index.js","level":"info","message":"======= 4000 =======","timestamp":"2023-05-17 17:53:41"}
{"label":"bot/index.js","level":"info","message":"==================================","timestamp":"2023-05-17 17:53:41"}
{"label":"bot/index.js","level":"info","message":"======= servidor online ==========","timestamp":"2023-05-17 17:54:45"}
{"label":"bot/index.js","level":"info","message":"======= 4000 =======","timestamp":"2023-05-17 17:54:45"}
{"label":"bot/index.js","level":"info","message":"==================================","timestamp":"2023-05-17 17:54:45"}
{"label":"bot/index.js","level":"info","message":"======= servidor online ==========","timestamp":"2023-05-17 17:56:08"}
{"label":"bot/index.js","level":"info","message":"======= 4000 =======","timestamp":"2023-05-17 17:56:08"}
{"label":"bot/index.js","level":"info","message":"==================================","timestamp":"2023-05-17 17:56:08"}
{"label":"bot/index.js","level":"info","message":"======= servidor online ==========","timestamp":"2023-05-17 17:59:53"}
{"label":"bot/index.js","level":"info","message":"======= 4000 =======","timestamp":"2023-05-17 17:59:53"}
{"label":"bot/index.js","level":"info","message":"==================================","timestamp":"2023-05-17 17:59:53"}
{"label":"bot/index.js","level":"info","message":"======= servidor online ==========","timestamp":"2023-05-17 18:00:21"}
{"label":"bot/index.js","level":"info","message":"======= 4000 =======","timestamp":"2023-05-17 18:00:21"}
{"label":"bot/index.js","level":"info","message":"==================================","timestamp":"2023-05-17 18:00:21"}
{"label":"bot/index.js","level":"info","message":"======= servidor online ==========","timestamp":"2023-05-17 18:00:50"}
{"label":"bot/index.js","level":"info","message":"======= 4000 =======","timestamp":"2023-05-17 18:00:50"}
{"label":"bot/index.js","level":"info","message":"==================================","timestamp":"2023-05-17 18:00:50"}
{"label":"bot/index.js","level":"info","message":"======= servidor online ==========","timestamp":"2023-05-17 22:16:20"}
{"label":"bot/index.js","level":"info","message":"======= 4000 =======","timestamp":"2023-05-17 22:16:20"}
{"label":"bot/index.js","level":"info","message":"==================================","timestamp":"2023-05-17 22:16:20"}
{"label":"bot/index.js","level":"info","message":"======= servidor online ==========","timestamp":"2023-05-17 22:29:06"}
{"label":"bot/index.js","level":"info","message":"======= 4000 =======","timestamp":"2023-05-17 22:29:06"}
{"label":"bot/index.js","level":"info","message":"==================================","timestamp":"2023-05-17 22:29:06"}
{"label":"bot/index.js","level":"info","message":"======= servidor online ==========","timestamp":"2023-05-17 22:33:39"}
{"label":"bot/index.js","level":"info","message":"======= 4000 =======","timestamp":"2023-05-17 22:33:39"}
{"label":"bot/index.js","level":"info","message":"==================================","timestamp":"2023-05-17 22:33:39"}
{"label":"bot/index.js","level":"info","message":"======= servidor online ==========","timestamp":"2023-05-17 22:35:07"}
{"label":"bot/index.js","level":"info","message":"======= 4000 =======","timestamp":"2023-05-17 22:35:07"}
{"label":"bot/index.js","level":"info","message":"==================================","timestamp":"2023-05-17 22:35:07"}
{"label":"bot/index.js","level":"info","message":"======= servidor online ==========","timestamp":"2023-05-17 23:00:23"}
{"label":"bot/index.js","level":"info","message":"======= 4000 =======","timestamp":"2023-05-17 23:00:23"}
{"label":"bot/index.js","level":"info","message":"==================================","timestamp":"2023-05-17 23:00:23"}
{"label":"bot/index.js","level":"info","message":"======= servidor online ==========","timestamp":"2023-05-17 23:01:48"}
{"label":"bot/index.js","level":"info","message":"======= 4000 =======","timestamp":"2023-05-17 23:01:48"}
{"label":"bot/index.js","level":"info","message":"==================================","timestamp":"2023-05-17 23:01:48"}
{"label":"bot/index.js","level":"info","message":"======= servidor online ==========","timestamp":"2023-05-19 10:53:40"}
{"label":"bot/index.js","level":"info","message":"======= 4000 =======","timestamp":"2023-05-19 10:53:40"}
{"label":"bot/index.js","level":"info","message":"==================================","timestamp":"2023-05-19 10:53:40"}
{"label":"bot/index.js","level":"info","message":"======= servidor online ==========","timestamp":"2023-05-19 10:54:57"}
{"label":"bot/index.js","level":"info","message":"======= 4000 =======","timestamp":"2023-05-19 10:54:57"}
{"label":"bot/index.js","level":"info","message":"==================================","timestamp":"2023-05-19 10:54:57"}
{"label":"bot/index.js","level":"info","message":"======= servidor online ==========","timestamp":"2023-05-19 10:55:46"}
{"label":"bot/index.js","level":"info","message":"======= 4000 =======","timestamp":"2023-05-19 10:55:46"}
{"label":"bot/index.js","level":"info","message":"==================================","timestamp":"2023-05-19 10:55:46"}
{"label":"bot/index.js","level":"info","message":"======= servidor online ==========","timestamp":"2023-05-19 10:57:27"}
{"label":"bot/index.js","level":"info","message":"======= 4000 =======","timestamp":"2023-05-19 10:57:27"}
{"label":"bot/index.js","level":"info","message":"==================================","timestamp":"2023-05-19 10:57:27"}
{"label":"bot/index.js","level":"info","message":"======= servidor online ==========","timestamp":"2023-05-19 10:58:12"}
{"label":"bot/index.js","level":"info","message":"======= 4000 =======","timestamp":"2023-05-19 10:58:12"}
{"label":"bot/index.js","level":"info","message":"==================================","timestamp":"2023-05-19 10:58:12"}
{"label":"bot/index.js","level":"info","message":"======= servidor online ==========","timestamp":"2023-05-19 10:59:51"}
{"label":"bot/index.js","level":"info","message":"======= 4000 =======","timestamp":"2023-05-19 10:59:51"}
{"label":"bot/index.js","level":"info","message":"==================================","timestamp":"2023-05-19 10:59:51"}
{"label":"bot/index.js","level":"info","message":"======= servidor online ==========","timestamp":"2023-05-19 11:17:54"}
{"label":"bot/index.js","level":"info","message":"======= 4000 =======","timestamp":"2023-05-19 11:17:54"}
{"label":"bot/index.js","level":"info","message":"==================================","timestamp":"2023-05-19 11:17:54"}
{"label":"bot/index.js","level":"info","message":"======= servidor online ==========","timestamp":"2023-05-19 11:18:25"}
{"label":"bot/index.js","level":"info","message":"======= 4000 =======","timestamp":"2023-05-19 11:18:25"}
{"label":"bot/index.js","level":"info","message":"==================================","timestamp":"2023-05-19 11:18:25"}
{"label":"bot/index.js","level":"info","message":"======= servidor online ==========","timestamp":"2023-05-19 11:19:35"}
{"label":"bot/index.js","level":"info","message":"======= 4000 =======","timestamp":"2023-05-19 11:19:35"}
{"label":"bot/index.js","level":"info","message":"==================================","timestamp":"2023-05-19 11:19:35"}
{"label":"bot/index.js","level":"info","message":"======= servidor online ==========","timestamp":"2023-05-19 11:20:32"}
{"label":"bot/index.js","level":"info","message":"======= 4000 =======","timestamp":"2023-05-19 11:20:32"}
{"label":"bot/index.js","level":"info","message":"==================================","timestamp":"2023-05-19 11:20:32"}
{"label":"bot/index.js","level":"info","message":"======= servidor online ==========","timestamp":"2023-05-19 11:34:57"}
{"label":"bot/index.js","level":"info","message":"======= 4000 =======","timestamp":"2023-05-19 11:34:57"}
{"label":"bot/index.js","level":"info","message":"==================================","timestamp":"2023-05-19 11:34:57"}
{"label":"bot/index.js","level":"info","message":"======= servidor online ==========","timestamp":"2023-05-19 11:59:32"}
{"label":"bot/index.js","level":"info","message":"======= 4000 =======","timestamp":"2023-05-19 11:59:32"}
{"label":"bot/index.js","level":"info","message":"==================================","timestamp":"2023-05-19 11:59:32"}
{"label":"bot/index.js","level":"info","message":"======= servidor online ==========","timestamp":"2023-05-19 11:59:59"}
{"label":"bot/index.js","level":"info","message":"======= 4000 =======","timestamp":"2023-05-19 11:59:59"}
{"label":"bot/index.js","level":"info","message":"==================================","timestamp":"2023-05-19 11:59:59"}
{"label":"bot/index.js","level":"info","message":"======= servidor online ==========","timestamp":"2023-05-19 12:00:26"}
{"label":"bot/index.js","level":"info","message":"======= 4000 =======","timestamp":"2023-05-19 12:00:26"}
{"label":"bot/index.js","level":"info","message":"==================================","timestamp":"2023-05-19 12:00:26"}
{"label":"bot/index.js","level":"info","message":"======= servidor online ==========","timestamp":"2023-05-19 12:01:54"}
{"label":"bot/index.js","level":"info","message":"======= 4000 =======","timestamp":"2023-05-19 12:01:54"}
{"label":"bot/index.js","level":"info","message":"==================================","timestamp":"2023-05-19 12:01:54"}
{"label":"bot/index.js","level":"info","message":"======= servidor online ==========","timestamp":"2023-05-19 12:02:57"}
{"label":"bot/index.js","level":"info","message":"======= 4000 =======","timestamp":"2023-05-19 12:02:57"}
{"label":"bot/index.js","level":"info","message":"==================================","timestamp":"2023-05-19 12:02:57"}
{"label":"bot/index.js","level":"info","message":"======= servidor online ==========","timestamp":"2023-05-19 13:59:49"}
{"label":"bot/index.js","level":"info","message":"======= 4000 =======","timestamp":"2023-05-19 13:59:49"}
{"label":"bot/index.js","level":"info","message":"==================================","timestamp":"2023-05-19 13:59:49"}
{"label":"bot/index.js","level":"info","message":"======= servidor online ==========","timestamp":"2023-05-19 14:00:47"}
{"label":"bot/index.js","level":"info","message":"======= 4000 =======","timestamp":"2023-05-19 14:00:47"}
{"label":"bot/index.js","level":"info","message":"==================================","timestamp":"2023-05-19 14:00:47"}
{"label":"bot/index.js","level":"info","message":"======= servidor online ==========","timestamp":"2023-05-19 14:01:05"}
{"label":"bot/index.js","level":"info","message":"======= 4000 =======","timestamp":"2023-05-19 14:01:05"}
{"label":"bot/index.js","level":"info","message":"==================================","timestamp":"2023-05-19 14:01:05"}
{"label":"bot/index.js","level":"info","message":"======= servidor online ==========","timestamp":"2023-05-19 14:01:46"}
{"label":"bot/index.js","level":"info","message":"======= 4000 =======","timestamp":"2023-05-19 14:01:46"}
{"label":"bot/index.js","level":"info","message":"==================================","timestamp":"2023-05-19 14:01:46"}
{"label":"bot/index.js","level":"info","message":"======= servidor online ==========","timestamp":"2023-05-19 14:06:08"}
{"label":"bot/index.js","level":"info","message":"======= 4000 =======","timestamp":"2023-05-19 14:06:08"}
{"label":"bot/index.js","level":"info","message":"==================================","timestamp":"2023-05-19 14:06:08"}
{"label":"bot/index.js","level":"info","message":"======= servidor online ==========","timestamp":"2023-05-19 14:07:34"}
{"label":"bot/index.js","level":"info","message":"======= 4000 =======","timestamp":"2023-05-19 14:07:34"}
{"label":"bot/index.js","level":"info","message":"==================================","timestamp":"2023-05-19 14:07:34"}
{"label":"bot/index.js","level":"info","message":"======= servidor online ==========","timestamp":"2023-05-19 14:12:41"}
{"label":"bot/index.js","level":"info","message":"======= 4000 =======","timestamp":"2023-05-19 14:12:41"}
{"label":"bot/index.js","level":"info","message":"==================================","timestamp":"2023-05-19 14:12:41"}
{"label":"bot/index.js","level":"info","message":"======= servidor online ==========","timestamp":"2023-05-19 14:18:03"}
{"label":"bot/index.js","level":"info","message":"======= 4000 =======","timestamp":"2023-05-19 14:18:03"}
{"label":"bot/index.js","level":"info","message":"==================================","timestamp":"2023-05-19 14:18:03"}
{"label":"bot/index.js","level":"info","message":"======= servidor online ==========","timestamp":"2023-05-19 14:20:44"}
{"label":"bot/index.js","level":"info","message":"======= 4000 =======","timestamp":"2023-05-19 14:20:44"}
{"label":"bot/index.js","level":"info","message":"==================================","timestamp":"2023-05-19 14:20:44"}
{"label":"bot/index.js","level":"info","message":"======= servidor online ==========","timestamp":"2023-05-19 14:26:52"}
{"label":"bot/index.js","level":"info","message":"======= 4000 =======","timestamp":"2023-05-19 14:26:52"}
{"label":"bot/index.js","level":"info","message":"==================================","timestamp":"2023-05-19 14:26:52"}
{"label":"bot/index.js","level":"info","message":"======= servidor online ==========","timestamp":"2023-05-19 14:31:48"}
{"label":"bot/index.js","level":"info","message":"======= 4000 =======","timestamp":"2023-05-19 14:31:48"}
{"label":"bot/index.js","level":"info","message":"==================================","timestamp":"2023-05-19 14:31:48"}
{"label":"bot/index.js","level":"info","message":"======= servidor online ==========","timestamp":"2023-05-19 14:35:20"}
{"label":"bot/index.js","level":"info","message":"======= 4000 =======","timestamp":"2023-05-19 14:35:20"}
{"label":"bot/index.js","level":"info","message":"==================================","timestamp":"2023-05-19 14:35:20"}
{"label":"bot/index.js","level":"info","message":"======= servidor online ==========","timestamp":"2023-05-19 14:36:22"}
{"label":"bot/index.js","level":"info","message":"======= 4000 =======","timestamp":"2023-05-19 14:36:22"}
{"label":"bot/index.js","level":"info","message":"==================================","timestamp":"2023-05-19 14:36:22"}
{"label":"bot/index.js","level":"info","message":"======= servidor online ==========","timestamp":"2023-05-19 15:11:52"}
{"label":"bot/index.js","level":"info","message":"======= 4000 =======","timestamp":"2023-05-19 15:11:52"}
{"label":"bot/index.js","level":"info","message":"==================================","timestamp":"2023-05-19 15:11:52"}
{"label":"bot/index.js","level":"info","message":"======= servidor online ==========","timestamp":"2023-05-19 15:12:39"}
{"label":"bot/index.js","level":"info","message":"======= 4000 =======","timestamp":"2023-05-19 15:12:39"}
{"label":"bot/index.js","level":"info","message":"==================================","timestamp":"2023-05-19 15:12:39"}
{"label":"bot/index.js","level":"info","message":"======= servidor online ==========","timestamp":"2023-05-19 15:15:14"}
{"label":"bot/index.js","level":"info","message":"======= 4000 =======","timestamp":"2023-05-19 15:15:14"}
{"label":"bot/index.js","level":"info","message":"==================================","timestamp":"2023-05-19 15:15:14"}
{"label":"bot/index.js","level":"info","message":"======= servidor online ==========","timestamp":"2023-05-19 15:15:41"}
{"label":"bot/index.js","level":"info","message":"======= 4000 =======","timestamp":"2023-05-19 15:15:41"}
{"label":"bot/index.js","level":"info","message":"==================================","timestamp":"2023-05-19 15:15:41"}
{"label":"bot/index.js","level":"info","message":"======= servidor online ==========","timestamp":"2023-05-19 16:07:35"}
{"label":"bot/index.js","level":"info","message":"======= 4000 =======","timestamp":"2023-05-19 16:07:35"}
{"label":"bot/index.js","level":"info","message":"==================================","timestamp":"2023-05-19 16:07:35"}
{"label":"bot/index.js","level":"info","message":"======= servidor online ==========","timestamp":"2023-05-19 16:09:05"}
{"label":"bot/index.js","level":"info","message":"======= 4000 =======","timestamp":"2023-05-19 16:09:05"}
{"label":"bot/index.js","level":"info","message":"==================================","timestamp":"2023-05-19 16:09:05"}
{"label":"bot/index.js","level":"info","message":"======= servidor online ==========","timestamp":"2023-05-19 16:10:00"}
{"label":"bot/index.js","level":"info","message":"======= 4000 =======","timestamp":"2023-05-19 16:10:00"}
{"label":"bot/index.js","level":"info","message":"==================================","timestamp":"2023-05-19 16:10:00"}
{"label":"bot/index.js","level":"info","message":"======= servidor online ==========","timestamp":"2023-05-19 16:13:27"}
{"label":"bot/index.js","level":"info","message":"======= 4000 =======","timestamp":"2023-05-19 16:13:27"}
{"label":"bot/index.js","level":"info","message":"==================================","timestamp":"2023-05-19 16:13:27"}
{"label":"bot/index.js","level":"info","message":"======= servidor online ==========","timestamp":"2023-05-19 16:14:33"}
{"label":"bot/index.js","level":"info","message":"======= 4000 =======","timestamp":"2023-05-19 16:14:33"}
{"label":"bot/index.js","level":"info","message":"==================================","timestamp":"2023-05-19 16:14:33"}
{"label":"bot/index.js","level":"info","message":"======= servidor online ==========","timestamp":"2023-05-19 16:15:37"}
{"label":"bot/index.js","level":"info","message":"======= 4000 =======","timestamp":"2023-05-19 16:15:37"}
{"label":"bot/index.js","level":"info","message":"==================================","timestamp":"2023-05-19 16:15:37"}
{"label":"bot/index.js","level":"info","message":"======= servidor online ==========","timestamp":"2023-05-19 21:13:42"}
{"label":"bot/index.js","level":"info","message":"======= 4000 =======","timestamp":"2023-05-19 21:13:42"}
{"label":"bot/index.js","level":"info","message":"==================================","timestamp":"2023-05-19 21:13:42"}
{"label":"bot/index.js","level":"info","message":"======= servidor online ==========","timestamp":"2023-05-19 21:33:18"}
{"label":"bot/index.js","level":"info","message":"======= 4000 =======","timestamp":"2023-05-19 21:33:18"}
{"label":"bot/index.js","level":"info","message":"==================================","timestamp":"2023-05-19 21:33:18"}
{"label":"bot/index.js","level":"info","message":"======= servidor online ==========","timestamp":"2023-05-19 21:34:35"}
{"label":"bot/index.js","level":"info","message":"======= 4000 =======","timestamp":"2023-05-19 21:34:35"}
{"label":"bot/index.js","level":"info","message":"==================================","timestamp":"2023-05-19 21:34:35"}
{"label":"bot/index.js","level":"info","message":"======= servidor online ==========","timestamp":"2023-05-19 21:40:38"}
{"label":"bot/index.js","level":"info","message":"======= 4000 =======","timestamp":"2023-05-19 21:40:38"}
{"label":"bot/index.js","level":"info","message":"==================================","timestamp":"2023-05-19 21:40:38"}
{"label":"bot/index.js","level":"info","message":"======= servidor online ==========","timestamp":"2023-05-19 21:41:11"}
{"label":"bot/index.js","level":"info","message":"======= 4000 =======","timestamp":"2023-05-19 21:41:11"}
{"label":"bot/index.js","level":"info","message":"==================================","timestamp":"2023-05-19 21:41:11"}
{"label":"bot/index.js","level":"info","message":"======= servidor online ==========","timestamp":"2023-05-19 21:42:20"}
{"label":"bot/index.js","level":"info","message":"======= 4000 =======","timestamp":"2023-05-19 21:42:20"}
{"label":"bot/index.js","level":"info","message":"==================================","timestamp":"2023-05-19 21:42:20"}
{"label":"bot/index.js","level":"info","message":"======= servidor online ==========","timestamp":"2023-05-19 21:43:38"}
{"label":"bot/index.js","level":"info","message":"======= 4000 =======","timestamp":"2023-05-19 21:43:38"}
{"label":"bot/index.js","level":"info","message":"==================================","timestamp":"2023-05-19 21:43:38"}
{"label":"bot/index.js","level":"info","message":"======= servidor online ==========","timestamp":"2023-05-19 21:45:13"}
{"label":"bot/index.js","level":"info","message":"======= 4000 =======","timestamp":"2023-05-19 21:45:13"}
{"label":"bot/index.js","level":"info","message":"==================================","timestamp":"2023-05-19 21:45:13"}
{"label":"bot/index.js","level":"info","message":"======= servidor online ==========","timestamp":"2023-05-19 21:55:07"}
{"label":"bot/index.js","level":"info","message":"======= 4000 =======","timestamp":"2023-05-19 21:55:07"}
{"label":"bot/index.js","level":"info","message":"==================================","timestamp":"2023-05-19 21:55:07"}
{"label":"bot/index.js","level":"info","message":"======= servidor online ==========","timestamp":"2023-05-19 22:03:16"}
{"label":"bot/index.js","level":"info","message":"======= 4000 =======","timestamp":"2023-05-19 22:03:16"}
{"label":"bot/index.js","level":"info","message":"==================================","timestamp":"2023-05-19 22:03:16"}
{"label":"bot/index.js","level":"info","message":"======= servidor online ==========","timestamp":"2023-05-19 22:05:23"}
{"label":"bot/index.js","level":"info","message":"======= 4000 =======","timestamp":"2023-05-19 22:05:23"}
{"label":"bot/index.js","level":"info","message":"==================================","timestamp":"2023-05-19 22:05:23"}
{"label":"bot/index.js","level":"info","message":"======= servidor online ==========","timestamp":"2023-05-21 18:53:26"}
{"label":"bot/index.js","level":"info","message":"======= 4000 =======","timestamp":"2023-05-21 18:53:26"}
{"label":"bot/index.js","level":"info","message":"==================================","timestamp":"2023-05-21 18:53:26"}
{"label":"bot/index.js","level":"info","message":"======= servidor online ==========","timestamp":"2023-05-21 18:54:36"}
{"label":"bot/index.js","level":"info","message":"======= 4000 =======","timestamp":"2023-05-21 18:54:37"}
{"label":"bot/index.js","level":"info","message":"==================================","timestamp":"2023-05-21 18:54:37"}
{"label":"bot/index.js","level":"info","message":"======= servidor online ==========","timestamp":"2023-05-21 18:55:10"}
{"label":"bot/index.js","level":"info","message":"======= 4000 =======","timestamp":"2023-05-21 18:55:10"}
{"label":"bot/index.js","level":"info","message":"==================================","timestamp":"2023-05-21 18:55:10"}
{"label":"bot/index.js","level":"info","message":"======= servidor online ==========","timestamp":"2023-05-21 19:01:51"}
{"label":"bot/index.js","level":"info","message":"======= 4000 =======","timestamp":"2023-05-21 19:01:51"}
{"label":"bot/index.js","level":"info","message":"==================================","timestamp":"2023-05-21 19:01:51"}
{"label":"bot/index.js","level":"info","message":"======= servidor online ==========","timestamp":"2023-05-21 19:03:50"}
{"label":"bot/index.js","level":"info","message":"======= 4000 =======","timestamp":"2023-05-21 19:03:50"}
{"label":"bot/index.js","level":"info","message":"==================================","timestamp":"2023-05-21 19:03:50"}
{"label":"bot/index.js","level":"info","message":"======= servidor online ==========","timestamp":"2023-05-21 19:05:20"}
{"label":"bot/index.js","level":"info","message":"======= 4000 =======","timestamp":"2023-05-21 19:05:20"}
{"label":"bot/index.js","level":"info","message":"==================================","timestamp":"2023-05-21 19:05:20"}
{"label":"bot/index.js","level":"info","message":"======= servidor online ==========","timestamp":"2023-05-21 19:06:38"}
{"label":"bot/index.js","level":"info","message":"======= 4000 =======","timestamp":"2023-05-21 19:06:38"}
{"label":"bot/index.js","level":"info","message":"==================================","timestamp":"2023-05-21 19:06:38"}
{"label":"bot/index.js","level":"info","message":"======= servidor online ==========","timestamp":"2023-05-21 21:22:44"}
{"label":"bot/index.js","level":"info","message":"======= 4000 =======","timestamp":"2023-05-21 21:22:44"}
{"label":"bot/index.js","level":"info","message":"==================================","timestamp":"2023-05-21 21:22:44"}
{"label":"bot/index.js","level":"info","message":"======= servidor online ==========","timestamp":"2023-05-21 21:23:23"}
{"label":"bot/index.js","level":"info","message":"======= 4000 =======","timestamp":"2023-05-21 21:23:23"}
{"label":"bot/index.js","level":"info","message":"==================================","timestamp":"2023-05-21 21:23:23"}
{"label":"bot/index.js","level":"info","message":"======= servidor online ==========","timestamp":"2023-05-21 21:32:45"}
{"label":"bot/index.js","level":"info","message":"======= 4000 =======","timestamp":"2023-05-21 21:32:45"}
{"label":"bot/index.js","level":"info","message":"==================================","timestamp":"2023-05-21 21:32:45"}
{"label":"bot/index.js","level":"info","message":"======= servidor online ==========","timestamp":"2023-05-21 21:33:25"}
{"label":"bot/index.js","level":"info","message":"======= 4000 =======","timestamp":"2023-05-21 21:33:25"}
{"label":"bot/index.js","level":"info","message":"==================================","timestamp":"2023-05-21 21:33:25"}
{"label":"bot/index.js","level":"info","message":"======= servidor online ==========","timestamp":"2023-05-21 21:40:48"}
{"label":"bot/index.js","level":"info","message":"======= 4000 =======","timestamp":"2023-05-21 21:40:48"}
{"label":"bot/index.js","level":"info","message":"==================================","timestamp":"2023-05-21 21:40:48"}
{"label":"bot/index.js","level":"info","message":"======= servidor online ==========","timestamp":"2023-05-21 21:41:54"}
{"label":"bot/index.js","level":"info","message":"======= 4000 =======","timestamp":"2023-05-21 21:41:54"}
{"label":"bot/index.js","level":"info","message":"==================================","timestamp":"2023-05-21 21:41:54"}
{"label":"bot/index.js","level":"info","message":"======= servidor online ==========","timestamp":"2023-05-21 21:42:15"}
{"label":"bot/index.js","level":"info","message":"======= 4000 =======","timestamp":"2023-05-21 21:42:15"}
{"label":"bot/index.js","level":"info","message":"==================================","timestamp":"2023-05-21 21:42:15"}
{"label":"bot/index.js","level":"info","message":"======= servidor online ==========","timestamp":"2023-05-21 21:42:37"}
{"label":"bot/index.js","level":"info","message":"======= 4000 =======","timestamp":"2023-05-21 21:42:37"}
{"label":"bot/index.js","level":"info","message":"==================================","timestamp":"2023-05-21 21:42:37"}
{"label":"bot/index.js","level":"info","message":"======= servidor online ==========","timestamp":"2023-05-21 21:43:50"}
{"label":"bot/index.js","level":"info","message":"======= 4000 =======","timestamp":"2023-05-21 21:43:50"}
{"label":"bot/index.js","level":"info","message":"==================================","timestamp":"2023-05-21 21:43:50"}
{"label":"bot/index.js","level":"info","message":"======= servidor online ==========","timestamp":"2023-05-21 21:44:47"}
{"label":"bot/index.js","level":"info","message":"======= 4000 =======","timestamp":"2023-05-21 21:44:47"}
{"label":"bot/index.js","level":"info","message":"==================================","timestamp":"2023-05-21 21:44:47"}
{"label":"bot/index.js","level":"info","message":"======= servidor online ==========","timestamp":"2023-05-21 21:45:10"}
{"label":"bot/index.js","level":"info","message":"======= 4000 =======","timestamp":"2023-05-21 21:45:10"}
{"label":"bot/index.js","level":"info","message":"==================================","timestamp":"2023-05-21 21:45:10"}
{"label":"bot/index.js","level":"info","message":"======= servidor online ==========","timestamp":"2023-05-21 21:48:16"}
{"label":"bot/index.js","level":"info","message":"======= 4000 =======","timestamp":"2023-05-21 21:48:16"}
{"label":"bot/index.js","level":"info","message":"==================================","timestamp":"2023-05-21 21:48:16"}
{"label":"bot/index.js","level":"info","message":"======= servidor online ==========","timestamp":"2023-05-21 21:49:47"}
{"label":"bot/index.js","level":"info","message":"======= 4000 =======","timestamp":"2023-05-21 21:49:47"}
{"label":"bot/index.js","level":"info","message":"==================================","timestamp":"2023-05-21 21:49:47"}
{"label":"bot/index.js","level":"info","message":"======= servidor online ==========","timestamp":"2023-05-21 21:50:55"}
{"label":"bot/index.js","level":"info","message":"======= 4000 =======","timestamp":"2023-05-21 21:50:55"}
{"label":"bot/index.js","level":"info","message":"==================================","timestamp":"2023-05-21 21:50:55"}
{"label":"bot/index.js","level":"info","message":"======= servidor online ==========","timestamp":"2023-05-21 21:51:18"}
{"label":"bot/index.js","level":"info","message":"======= 4000 =======","timestamp":"2023-05-21 21:51:18"}
{"label":"bot/index.js","level":"info","message":"==================================","timestamp":"2023-05-21 21:51:18"}
{"label":"bot/index.js","level":"info","message":"======= servidor online ==========","timestamp":"2023-05-21 21:52:43"}
{"label":"bot/index.js","level":"info","message":"======= 4000 =======","timestamp":"2023-05-21 21:52:43"}
{"label":"bot/index.js","level":"info","message":"==================================","timestamp":"2023-05-21 21:52:43"}
{"label":"bot/index.js","level":"info","message":"======= servidor online ==========","timestamp":"2023-05-21 21:52:57"}
{"label":"bot/index.js","level":"info","message":"======= 4000 =======","timestamp":"2023-05-21 21:52:57"}
{"label":"bot/index.js","level":"info","message":"==================================","timestamp":"2023-05-21 21:52:57"}
{"label":"bot/index.js","level":"info","message":"======= servidor online ==========","timestamp":"2023-05-21 22:26:55"}
{"label":"bot/index.js","level":"info","message":"======= 4000 =======","timestamp":"2023-05-21 22:26:55"}
{"label":"bot/index.js","level":"info","message":"==================================","timestamp":"2023-05-21 22:26:55"}
{"label":"bot/index.js","level":"info","message":"======= servidor online ==========","timestamp":"2023-05-21 22:29:56"}
{"label":"bot/index.js","level":"info","message":"======= 4000 =======","timestamp":"2023-05-21 22:29:56"}
{"label":"bot/index.js","level":"info","message":"==================================","timestamp":"2023-05-21 22:29:56"}
{"label":"bot/index.js","level":"info","message":"======= servidor online ==========","timestamp":"2023-05-21 22:30:37"}
{"label":"bot/index.js","level":"info","message":"======= 4000 =======","timestamp":"2023-05-21 22:30:37"}
{"label":"bot/index.js","level":"info","message":"==================================","timestamp":"2023-05-21 22:30:37"}
{"label":"bot/index.js","level":"info","message":"======= servidor online ==========","timestamp":"2023-05-21 22:32:02"}
{"label":"bot/index.js","level":"info","message":"======= 4000 =======","timestamp":"2023-05-21 22:32:02"}
{"label":"bot/index.js","level":"info","message":"==================================","timestamp":"2023-05-21 22:32:02"}
{"label":"bot/index.js","level":"info","message":"======= servidor online ==========","timestamp":"2023-05-21 22:33:00"}
{"label":"bot/index.js","level":"info","message":"======= 4000 =======","timestamp":"2023-05-21 22:33:00"}
{"label":"bot/index.js","level":"info","message":"==================================","timestamp":"2023-05-21 22:33:00"}
{"label":"bot/index.js","level":"info","message":"======= servidor online ==========","timestamp":"2023-05-21 22:33:40"}
{"label":"bot/index.js","level":"info","message":"======= 4000 =======","timestamp":"2023-05-21 22:33:40"}
{"label":"bot/index.js","level":"info","message":"==================================","timestamp":"2023-05-21 22:33:40"}
{"label":"bot/index.js","level":"info","message":"======= servidor online ==========","timestamp":"2023-05-21 22:41:35"}
{"label":"bot/index.js","level":"info","message":"======= 4000 =======","timestamp":"2023-05-21 22:41:35"}
{"label":"bot/index.js","level":"info","message":"==================================","timestamp":"2023-05-21 22:41:35"}
{"label":"bot/index.js","level":"info","message":"======= servidor online ==========","timestamp":"2023-05-21 22:43:37"}
{"label":"bot/index.js","level":"info","message":"======= 4000 =======","timestamp":"2023-05-21 22:43:37"}
{"label":"bot/index.js","level":"info","message":"==================================","timestamp":"2023-05-21 22:43:37"}
{"label":"bot/index.js","level":"info","message":"======= servidor online ==========","timestamp":"2023-05-21 22:44:24"}
{"label":"bot/index.js","level":"info","message":"======= 4000 =======","timestamp":"2023-05-21 22:44:24"}
{"label":"bot/index.js","level":"info","message":"==================================","timestamp":"2023-05-21 22:44:24"}
{"label":"bot/index.js","level":"info","message":"======= servidor online ==========","timestamp":"2023-05-21 22:44:53"}
{"label":"bot/index.js","level":"info","message":"======= 4000 =======","timestamp":"2023-05-21 22:44:53"}
{"label":"bot/index.js","level":"info","message":"==================================","timestamp":"2023-05-21 22:44:53"}
{"label":"bot/index.js","level":"info","message":"======= servidor online ==========","timestamp":"2023-05-21 22:47:26"}
{"label":"bot/index.js","level":"info","message":"======= 4000 =======","timestamp":"2023-05-21 22:47:26"}
{"label":"bot/index.js","level":"info","message":"==================================","timestamp":"2023-05-21 22:47:26"}
{"label":"bot/index.js","level":"info","message":"======= servidor online ==========","timestamp":"2023-05-21 22:50:32"}
{"label":"bot/index.js","level":"info","message":"======= 4000 =======","timestamp":"2023-05-21 22:50:32"}
{"label":"bot/index.js","level":"info","message":"==================================","timestamp":"2023-05-21 22:50:32"}
{"label":"bot/index.js","level":"info","message":"======= servidor online ==========","timestamp":"2023-05-21 22:53:47"}
{"label":"bot/index.js","level":"info","message":"======= 4000 =======","timestamp":"2023-05-21 22:53:47"}
{"label":"bot/index.js","level":"info","message":"==================================","timestamp":"2023-05-21 22:53:47"}
{"label":"bot/index.js","level":"info","message":"======= servidor online ==========","timestamp":"2023-05-21 22:59:30"}
{"label":"bot/index.js","level":"info","message":"======= 4000 =======","timestamp":"2023-05-21 22:59:30"}
{"label":"bot/index.js","level":"info","message":"==================================","timestamp":"2023-05-21 22:59:30"}
{"label":"bot/index.js","level":"info","message":"======= servidor online ==========","timestamp":"2023-05-21 23:00:09"}
{"label":"bot/index.js","level":"info","message":"======= 4000 =======","timestamp":"2023-05-21 23:00:09"}
{"label":"bot/index.js","level":"info","message":"==================================","timestamp":"2023-05-21 23:00:09"}
{"label":"bot/index.js","level":"info","message":"======= servidor online ==========","timestamp":"2023-05-21 23:00:42"}
{"label":"bot/index.js","level":"info","message":"======= 4000 =======","timestamp":"2023-05-21 23:00:42"}
{"label":"bot/index.js","level":"info","message":"==================================","timestamp":"2023-05-21 23:00:42"}
{"label":"bot/index.js","level":"info","message":"======= servidor online ==========","timestamp":"2023-05-21 23:03:51"}
{"label":"bot/index.js","level":"info","message":"======= 4000 =======","timestamp":"2023-05-21 23:03:51"}
{"label":"bot/index.js","level":"info","message":"==================================","timestamp":"2023-05-21 23:03:51"}
{"label":"bot/index.js","level":"info","message":"======= servidor online ==========","timestamp":"2023-05-21 23:05:32"}
{"label":"bot/index.js","level":"info","message":"======= 4000 =======","timestamp":"2023-05-21 23:05:32"}
{"label":"bot/index.js","level":"info","message":"==================================","timestamp":"2023-05-21 23:05:32"}
{"label":"bot/index.js","level":"info","message":"======= servidor online ==========","timestamp":"2023-05-21 23:05:56"}
{"label":"bot/index.js","level":"info","message":"======= 4000 =======","timestamp":"2023-05-21 23:05:56"}
{"label":"bot/index.js","level":"info","message":"==================================","timestamp":"2023-05-21 23:05:56"}
{"label":"bot/index.js","level":"info","message":"======= servidor online ==========","timestamp":"2023-05-21 23:07:07"}
{"label":"bot/index.js","level":"info","message":"======= 4000 =======","timestamp":"2023-05-21 23:07:07"}
{"label":"bot/index.js","level":"info","message":"==================================","timestamp":"2023-05-21 23:07:07"}
{"label":"bot/index.js","level":"info","message":"======= servidor online ==========","timestamp":"2023-05-21 23:09:02"}
{"label":"bot/index.js","level":"info","message":"======= 4000 =======","timestamp":"2023-05-21 23:09:02"}
{"label":"bot/index.js","level":"info","message":"==================================","timestamp":"2023-05-21 23:09:02"}
{"label":"bot/index.js","level":"info","message":"======= servidor online ==========","timestamp":"2023-05-21 23:09:40"}
{"label":"bot/index.js","level":"info","message":"======= 4000 =======","timestamp":"2023-05-21 23:09:40"}
{"label":"bot/index.js","level":"info","message":"==================================","timestamp":"2023-05-21 23:09:40"}
{"label":"bot/index.js","level":"info","message":"======= servidor online ==========","timestamp":"2023-05-21 23:11:00"}
{"label":"bot/index.js","level":"info","message":"======= 4000 =======","timestamp":"2023-05-21 23:11:00"}
{"label":"bot/index.js","level":"info","message":"==================================","timestamp":"2023-05-21 23:11:00"}
{"label":"bot/index.js","level":"info","message":"======= servidor online ==========","timestamp":"2023-05-21 23:12:17"}
{"label":"bot/index.js","level":"info","message":"======= 4000 =======","timestamp":"2023-05-21 23:12:17"}
{"label":"bot/index.js","level":"info","message":"==================================","timestamp":"2023-05-21 23:12:17"}
{"label":"bot/index.js","level":"info","message":"======= servidor online ==========","timestamp":"2023-05-21 23:12:50"}
{"label":"bot/index.js","level":"info","message":"======= 4000 =======","timestamp":"2023-05-21 23:12:50"}
{"label":"bot/index.js","level":"info","message":"==================================","timestamp":"2023-05-21 23:12:50"}
{"label":"bot/index.js","level":"info","message":"======= servidor online ==========","timestamp":"2023-05-21 23:13:11"}
{"label":"bot/index.js","level":"info","message":"======= 4000 =======","timestamp":"2023-05-21 23:13:11"}
{"label":"bot/index.js","level":"info","message":"==================================","timestamp":"2023-05-21 23:13:11"}
{"label":"bot/index.js","level":"info","message":"======= servidor online ==========","timestamp":"2023-05-22 11:06:09"}
{"label":"bot/index.js","level":"info","message":"======= 4000 =======","timestamp":"2023-05-22 11:06:09"}
{"label":"bot/index.js","level":"info","message":"==================================","timestamp":"2023-05-22 11:06:09"}
{"label":"bot/index.js","level":"info","message":"======= servidor online ==========","timestamp":"2023-05-22 12:01:23"}
{"label":"bot/index.js","level":"info","message":"======= 4000 =======","timestamp":"2023-05-22 12:01:23"}
{"label":"bot/index.js","level":"info","message":"==================================","timestamp":"2023-05-22 12:01:23"}
{"label":"bot/index.js","level":"info","message":"======= servidor online ==========","timestamp":"2023-05-22 21:53:48"}
{"label":"bot/index.js","level":"info","message":"======= 4000 =======","timestamp":"2023-05-22 21:53:48"}
{"label":"bot/index.js","level":"info","message":"==================================","timestamp":"2023-05-22 21:53:48"}
{"label":"bot/index.js","level":"info","message":"======= servidor online ==========","timestamp":"2023-05-22 21:56:24"}
{"label":"bot/index.js","level":"info","message":"======= 4000 =======","timestamp":"2023-05-22 21:56:24"}
{"label":"bot/index.js","level":"info","message":"==================================","timestamp":"2023-05-22 21:56:24"}
{"label":"bot/index.js","level":"info","message":"======= servidor online ==========","timestamp":"2023-05-22 21:58:07"}
{"label":"bot/index.js","level":"info","message":"======= 4000 =======","timestamp":"2023-05-22 21:58:07"}
{"label":"bot/index.js","level":"info","message":"==================================","timestamp":"2023-05-22 21:58:07"}
{"label":"bot/index.js","level":"info","message":"======= servidor online ==========","timestamp":"2023-05-22 21:59:08"}
{"label":"bot/index.js","level":"info","message":"======= 4000 =======","timestamp":"2023-05-22 21:59:08"}
{"label":"bot/index.js","level":"info","message":"==================================","timestamp":"2023-05-22 21:59:08"}
{"label":"bot/index.js","level":"info","message":"======= servidor online ==========","timestamp":"2023-05-22 21:59:31"}
{"label":"bot/index.js","level":"info","message":"======= 4000 =======","timestamp":"2023-05-22 21:59:31"}
{"label":"bot/index.js","level":"info","message":"==================================","timestamp":"2023-05-22 21:59:31"}
{"label":"bot/index.js","level":"info","message":"======= servidor online ==========","timestamp":"2023-05-22 22:01:55"}
{"label":"bot/index.js","level":"info","message":"======= 4000 =======","timestamp":"2023-05-22 22:01:55"}
{"label":"bot/index.js","level":"info","message":"==================================","timestamp":"2023-05-22 22:01:55"}
{"label":"bot/index.js","level":"info","message":"======= servidor online ==========","timestamp":"2023-05-22 22:07:47"}
{"label":"bot/index.js","level":"info","message":"======= 4000 =======","timestamp":"2023-05-22 22:07:47"}
{"label":"bot/index.js","level":"info","message":"==================================","timestamp":"2023-05-22 22:07:47"}
{"label":"bot/index.js","level":"info","message":"======= servidor online ==========","timestamp":"2023-05-22 22:08:24"}
{"label":"bot/index.js","level":"info","message":"======= 4000 =======","timestamp":"2023-05-22 22:08:24"}
{"label":"bot/index.js","level":"info","message":"==================================","timestamp":"2023-05-22 22:08:24"}
{"label":"bot/index.js","level":"info","message":"======= servidor online ==========","timestamp":"2023-05-22 22:09:32"}
{"label":"bot/index.js","level":"info","message":"======= 4000 =======","timestamp":"2023-05-22 22:09:32"}
{"label":"bot/index.js","level":"info","message":"==================================","timestamp":"2023-05-22 22:09:32"}
{"label":"bot/index.js","level":"info","message":"======= servidor online ==========","timestamp":"2023-05-22 22:10:42"}
{"label":"bot/index.js","level":"info","message":"======= 4000 =======","timestamp":"2023-05-22 22:10:42"}
{"label":"bot/index.js","level":"info","message":"==================================","timestamp":"2023-05-22 22:10:42"}
{"label":"bot/index.js","level":"info","message":"======= servidor online ==========","timestamp":"2023-05-22 22:11:36"}
{"label":"bot/index.js","level":"info","message":"======= 4000 =======","timestamp":"2023-05-22 22:11:36"}
{"label":"bot/index.js","level":"info","message":"==================================","timestamp":"2023-05-22 22:11:36"}
{"label":"bot/index.js","level":"info","message":"======= servidor online ==========","timestamp":"2023-05-22 22:12:18"}
{"label":"bot/index.js","level":"info","message":"======= 4000 =======","timestamp":"2023-05-22 22:12:18"}
{"label":"bot/index.js","level":"info","message":"==================================","timestamp":"2023-05-22 22:12:18"}
{"label":"bot/index.js","level":"info","message":"======= servidor online ==========","timestamp":"2023-05-22 22:20:06"}
{"label":"bot/index.js","level":"info","message":"======= 4000 =======","timestamp":"2023-05-22 22:20:06"}
{"label":"bot/index.js","level":"info","message":"==================================","timestamp":"2023-05-22 22:20:06"}
{"label":"bot/index.js","level":"info","message":"======= servidor online ==========","timestamp":"2023-05-23 21:43:23"}
{"label":"bot/index.js","level":"info","message":"======= 4000 =======","timestamp":"2023-05-23 21:43:23"}
{"label":"bot/index.js","level":"info","message":"==================================","timestamp":"2023-05-23 21:43:23"}
{"label":"bot/index.js","level":"info","message":"======= servidor online ==========","timestamp":"2023-05-23 22:31:57"}
{"label":"bot/index.js","level":"info","message":"======= 4000 =======","timestamp":"2023-05-23 22:31:57"}
{"label":"bot/index.js","level":"info","message":"==================================","timestamp":"2023-05-23 22:31:57"}
{"label":"bot/index.js","level":"info","message":"======= servidor online ==========","timestamp":"2023-05-23 22:32:32"}
{"label":"bot/index.js","level":"info","message":"======= 4000 =======","timestamp":"2023-05-23 22:32:32"}
{"label":"bot/index.js","level":"info","message":"==================================","timestamp":"2023-05-23 22:32:32"}
{"label":"bot/index.js","level":"info","message":"======= servidor online ==========","timestamp":"2023-05-23 22:33:03"}
{"label":"bot/index.js","level":"info","message":"======= 4000 =======","timestamp":"2023-05-23 22:33:03"}
{"label":"bot/index.js","level":"info","message":"==================================","timestamp":"2023-05-23 22:33:03"}
{"label":"bot/index.js","level":"info","message":"======= servidor online ==========","timestamp":"2023-05-23 22:33:44"}
{"label":"bot/index.js","level":"info","message":"======= 4000 =======","timestamp":"2023-05-23 22:33:44"}
{"label":"bot/index.js","level":"info","message":"==================================","timestamp":"2023-05-23 22:33:44"}
{"label":"bot/index.js","level":"info","message":"======= servidor online ==========","timestamp":"2023-05-23 22:34:07"}
{"label":"bot/index.js","level":"info","message":"======= 4000 =======","timestamp":"2023-05-23 22:34:07"}
{"label":"bot/index.js","level":"info","message":"==================================","timestamp":"2023-05-23 22:34:07"}
{"label":"bot/index.js","level":"info","message":"======= servidor online ==========","timestamp":"2023-05-23 22:39:33"}
{"label":"bot/index.js","level":"info","message":"======= 4000 =======","timestamp":"2023-05-23 22:39:33"}
{"label":"bot/index.js","level":"info","message":"==================================","timestamp":"2023-05-23 22:39:33"}
{"label":"bot/index.js","level":"info","message":"======= servidor online ==========","timestamp":"2023-05-23 22:39:46"}
{"label":"bot/index.js","level":"info","message":"======= 4000 =======","timestamp":"2023-05-23 22:39:46"}
{"label":"bot/index.js","level":"info","message":"==================================","timestamp":"2023-05-23 22:39:46"}
{"label":"bot/index.js","level":"info","message":"======= servidor online ==========","timestamp":"2023-05-23 22:40:39"}
{"label":"bot/index.js","level":"info","message":"======= 4000 =======","timestamp":"2023-05-23 22:40:39"}
{"label":"bot/index.js","level":"info","message":"==================================","timestamp":"2023-05-23 22:40:39"}
{"label":"bot/index.js","level":"info","message":"======= servidor online ==========","timestamp":"2023-05-23 22:41:18"}
{"label":"bot/index.js","level":"info","message":"======= 4000 =======","timestamp":"2023-05-23 22:41:18"}
{"label":"bot/index.js","level":"info","message":"==================================","timestamp":"2023-05-23 22:41:18"}
{"label":"bot/index.js","level":"info","message":"======= servidor online ==========","timestamp":"2023-05-23 22:41:30"}
{"label":"bot/index.js","level":"info","message":"======= 4000 =======","timestamp":"2023-05-23 22:41:30"}
{"label":"bot/index.js","level":"info","message":"==================================","timestamp":"2023-05-23 22:41:30"}
{"label":"bot/index.js","level":"info","message":"======= servidor online ==========","timestamp":"2023-05-23 22:42:47"}
{"label":"bot/index.js","level":"info","message":"======= 4000 =======","timestamp":"2023-05-23 22:42:47"}
{"label":"bot/index.js","level":"info","message":"==================================","timestamp":"2023-05-23 22:42:47"}
{"label":"bot/index.js","level":"info","message":"======= servidor online ==========","timestamp":"2023-05-23 22:46:52"}
{"label":"bot/index.js","level":"info","message":"======= 4000 =======","timestamp":"2023-05-23 22:46:52"}
{"label":"bot/index.js","level":"info","message":"==================================","timestamp":"2023-05-23 22:46:52"}
{"label":"bot/index.js","level":"info","message":"======= servidor online ==========","timestamp":"2023-05-24 17:00:05"}
{"label":"bot/index.js","level":"info","message":"======= 4000 =======","timestamp":"2023-05-24 17:00:05"}
{"label":"bot/index.js","level":"info","message":"==================================","timestamp":"2023-05-24 17:00:05"}
{"label":"bot/index.js","level":"info","message":"======= servidor online ==========","timestamp":"2023-05-24 17:03:32"}
{"label":"bot/index.js","level":"info","message":"======= 4000 =======","timestamp":"2023-05-24 17:03:32"}
{"label":"bot/index.js","level":"info","message":"==================================","timestamp":"2023-05-24 17:03:32"}
{"label":"bot/index.js","level":"info","message":"======= servidor online ==========","timestamp":"2023-05-24 17:04:59"}
{"label":"bot/index.js","level":"info","message":"======= 4000 =======","timestamp":"2023-05-24 17:04:59"}
{"label":"bot/index.js","level":"info","message":"==================================","timestamp":"2023-05-24 17:04:59"}
{"label":"bot/index.js","level":"info","message":"======= servidor online ==========","timestamp":"2023-05-24 17:11:01"}
{"label":"bot/index.js","level":"info","message":"======= 4000 =======","timestamp":"2023-05-24 17:11:01"}
{"label":"bot/index.js","level":"info","message":"==================================","timestamp":"2023-05-24 17:11:01"}
{"label":"bot/index.js","level":"info","message":"======= servidor online ==========","timestamp":"2023-05-24 17:13:59"}
{"label":"bot/index.js","level":"info","message":"======= 4000 =======","timestamp":"2023-05-24 17:13:59"}
{"label":"bot/index.js","level":"info","message":"==================================","timestamp":"2023-05-24 17:13:59"}
{"label":"bot/index.js","level":"info","message":"======= servidor online ==========","timestamp":"2023-05-24 17:16:25"}
{"label":"bot/index.js","level":"info","message":"======= 4000 =======","timestamp":"2023-05-24 17:16:25"}
{"label":"bot/index.js","level":"info","message":"==================================","timestamp":"2023-05-24 17:16:25"}
{"label":"bot/index.js","level":"info","message":"======= servidor online ==========","timestamp":"2023-05-24 17:27:46"}
{"label":"bot/index.js","level":"info","message":"======= 4000 =======","timestamp":"2023-05-24 17:27:46"}
{"label":"bot/index.js","level":"info","message":"==================================","timestamp":"2023-05-24 17:27:46"}
{"label":"bot/index.js","level":"info","message":"======= servidor online ==========","timestamp":"2023-05-26 22:34:30"}
{"label":"bot/index.js","level":"info","message":"======= 4000 =======","timestamp":"2023-05-26 22:34:30"}
{"label":"bot/index.js","level":"info","message":"==================================","timestamp":"2023-05-26 22:34:30"}
{"label":"bot/index.js","level":"info","message":"======= servidor online ==========","timestamp":"2023-05-26 22:37:56"}
{"label":"bot/index.js","level":"info","message":"======= 4000 =======","timestamp":"2023-05-26 22:37:56"}
{"label":"bot/index.js","level":"info","message":"==================================","timestamp":"2023-05-26 22:37:56"}
{"label":"bot/index.js","level":"info","message":"======= servidor online ==========","timestamp":"2023-05-26 22:43:22"}
{"label":"bot/index.js","level":"info","message":"======= 4000 =======","timestamp":"2023-05-26 22:43:22"}
{"label":"bot/index.js","level":"info","message":"==================================","timestamp":"2023-05-26 22:43:22"}
{"label":"bot/index.js","level":"info","message":"======= servidor online ==========","timestamp":"2023-05-27 21:34:30"}
{"label":"bot/index.js","level":"info","message":"======= 4000 =======","timestamp":"2023-05-27 21:34:31"}
{"label":"bot/index.js","level":"info","message":"==================================","timestamp":"2023-05-27 21:34:31"}
{"label":"bot/index.js","level":"info","message":"======= servidor online ==========","timestamp":"2023-05-27 21:35:43"}
{"label":"bot/index.js","level":"info","message":"======= 4000 =======","timestamp":"2023-05-27 21:35:43"}
{"label":"bot/index.js","level":"info","message":"==================================","timestamp":"2023-05-27 21:35:43"}
{"label":"bot/index.js","level":"info","message":"======= servidor online ==========","timestamp":"2023-05-27 21:36:04"}
{"label":"bot/index.js","level":"info","message":"======= 4000 =======","timestamp":"2023-05-27 21:36:04"}
{"label":"bot/index.js","level":"info","message":"==================================","timestamp":"2023-05-27 21:36:04"}
{"label":"bot/index.js","level":"info","message":"======= servidor online ==========","timestamp":"2023-05-27 21:37:03"}
{"label":"bot/index.js","level":"info","message":"======= 4000 =======","timestamp":"2023-05-27 21:37:03"}
{"label":"bot/index.js","level":"info","message":"==================================","timestamp":"2023-05-27 21:37:03"}
{"label":"bot/index.js","level":"info","message":"======= servidor online ==========","timestamp":"2023-05-27 21:40:09"}
{"label":"bot/index.js","level":"info","message":"======= 4000 =======","timestamp":"2023-05-27 21:40:09"}
{"label":"bot/index.js","level":"info","message":"==================================","timestamp":"2023-05-27 21:40:09"}
{"label":"ms-bot-ia-vector/index.js","level":"info","message":"======= servidor online ==========","timestamp":"2023-06-05 23:35:13"}
{"label":"ms-bot-ia-vector/index.js","level":"info","message":"======= 4000 =======","timestamp":"2023-06-05 23:35:13"}
{"label":"ms-bot-ia-vector/index.js","level":"info","message":"==================================","timestamp":"2023-06-05 23:35:13"}
{"label":"ms-bot-ia-vector/index.js","level":"info","message":"======= servidor online ==========","timestamp":"2023-06-05 23:56:11"}
{"label":"ms-bot-ia-vector/index.js","level":"info","message":"======= 4000 =======","timestamp":"2023-06-05 23:56:11"}
{"label":"ms-bot-ia-vector/index.js","level":"info","message":"==================================","timestamp":"2023-06-05 23:56:11"}
{"label":"ms-bot-ia-vector/index.js","level":"info","message":"======= servidor online ==========","timestamp":"2023-06-06 15:37:12"}
{"label":"ms-bot-ia-vector/index.js","level":"info","message":"======= 4000 =======","timestamp":"2023-06-06 15:37:12"}
{"label":"ms-bot-ia-vector/index.js","level":"info","message":"==================================","timestamp":"2023-06-06 15:37:12"}
{"label":"ms-bot-ia-vector/index.js","level":"info","message":"======= servidor online ==========","timestamp":"2023-06-06 16:35:39"}
{"label":"ms-bot-ia-vector/index.js","level":"info","message":"======= 4000 =======","timestamp":"2023-06-06 16:35:39"}
{"label":"ms-bot-ia-vector/index.js","level":"info","message":"==================================","timestamp":"2023-06-06 16:35:39"}
{"label":"ms-bot-ia-vector/index.js","level":"info","message":"======= servidor online ==========","timestamp":"2023-06-06 16:36:42"}
{"label":"ms-bot-ia-vector/index.js","level":"info","message":"======= 4000 =======","timestamp":"2023-06-06 16:36:42"}
{"label":"ms-bot-ia-vector/index.js","level":"info","message":"==================================","timestamp":"2023-06-06 16:36:42"}
{"label":"ms-bot-ia-vector/index.js","level":"info","message":"======= servidor online ==========","timestamp":"2023-06-06 16:40:50"}
{"label":"ms-bot-ia-vector/index.js","level":"info","message":"======= 4000 =======","timestamp":"2023-06-06 16:40:50"}
{"label":"ms-bot-ia-vector/index.js","level":"info","message":"==================================","timestamp":"2023-06-06 16:40:50"}
{"label":"ms-bot-ia-vector/index.js","level":"info","message":"======= servidor online ==========","timestamp":"2023-06-06 16:42:11"}
{"label":"ms-bot-ia-vector/index.js","level":"info","message":"======= 4000 =======","timestamp":"2023-06-06 16:42:11"}
{"label":"ms-bot-ia-vector/index.js","level":"info","message":"==================================","timestamp":"2023-06-06 16:42:11"}
{"label":"ms-bot-ia-vector/index.js","level":"info","message":"======= servidor online ==========","timestamp":"2023-06-06 16:57:47"}
{"label":"ms-bot-ia-vector/index.js","level":"info","message":"======= 4000 =======","timestamp":"2023-06-06 16:57:47"}
{"label":"ms-bot-ia-vector/index.js","level":"info","message":"==================================","timestamp":"2023-06-06 16:57:47"}
{"label":"ms-bot-ia-vector/index.js","level":"info","message":"======= servidor online ==========","timestamp":"2023-06-06 16:58:56"}
{"label":"ms-bot-ia-vector/index.js","level":"info","message":"======= 4000 =======","timestamp":"2023-06-06 16:58:56"}
{"label":"ms-bot-ia-vector/index.js","level":"info","message":"==================================","timestamp":"2023-06-06 16:58:56"}
{"label":"ms-bot-ia-vector/index.js","level":"info","message":"======= servidor online ==========","timestamp":"2023-06-06 17:00:41"}
{"label":"ms-bot-ia-vector/index.js","level":"info","message":"======= 4000 =======","timestamp":"2023-06-06 17:00:41"}
{"label":"ms-bot-ia-vector/index.js","level":"info","message":"==================================","timestamp":"2023-06-06 17:00:41"}
{"label":"ms-bot-ia-vector/index.js","level":"info","message":"======= servidor online ==========","timestamp":"2023-06-06 17:02:43"}
{"label":"ms-bot-ia-vector/index.js","level":"info","message":"======= 4000 =======","timestamp":"2023-06-06 17:02:43"}
{"label":"ms-bot-ia-vector/index.js","level":"info","message":"==================================","timestamp":"2023-06-06 17:02:43"}
{"label":"ms-bot-ia-vector/index.js","level":"info","message":"======= servidor online ==========","timestamp":"2023-06-06 17:08:47"}
{"label":"ms-bot-ia-vector/index.js","level":"info","message":"======= 4000 =======","timestamp":"2023-06-06 17:08:47"}
{"label":"ms-bot-ia-vector/index.js","level":"info","message":"==================================","timestamp":"2023-06-06 17:08:47"}
{"label":"ms-bot-ia-vector/index.js","level":"info","message":"======= servidor online ==========","timestamp":"2023-06-06 17:11:09"}
{"label":"ms-bot-ia-vector/index.js","level":"info","message":"======= 4000 =======","timestamp":"2023-06-06 17:11:09"}
{"label":"ms-bot-ia-vector/index.js","level":"info","message":"==================================","timestamp":"2023-06-06 17:11:09"}
{"label":"ms-bot-ia-vector/index.js","level":"info","message":"======= servidor online ==========","timestamp":"2023-06-06 17:27:15"}
{"label":"ms-bot-ia-vector/index.js","level":"info","message":"======= 4000 =======","timestamp":"2023-06-06 17:27:15"}
{"label":"ms-bot-ia-vector/index.js","level":"info","message":"==================================","timestamp":"2023-06-06 17:27:15"}
{"label":"ms-bot-ia-vector/index.js","level":"info","message":"======= servidor online ==========","timestamp":"2023-06-06 17:43:26"}
{"label":"ms-bot-ia-vector/index.js","level":"info","message":"======= 4000 =======","timestamp":"2023-06-06 17:43:26"}
{"label":"ms-bot-ia-vector/index.js","level":"info","message":"==================================","timestamp":"2023-06-06 17:43:26"}
{"label":"ms-bot-ia-vector/index.js","level":"info","message":"======= servidor online ==========","timestamp":"2023-06-18 12:06:22"}
{"label":"ms-bot-ia-vector/index.js","level":"info","message":"======= 4000 =======","timestamp":"2023-06-18 12:06:22"}
{"label":"ms-bot-ia-vector/index.js","level":"info","message":"==================================","timestamp":"2023-06-18 12:06:22"}
{"label":"ms-bot-ia-vector/index.js","level":"info","message":"======= servidor online ==========","timestamp":"2023-06-18 12:26:26"}
{"label":"ms-bot-ia-vector/index.js","level":"info","message":"======= 4000 =======","timestamp":"2023-06-18 12:26:26"}
{"label":"ms-bot-ia-vector/index.js","level":"info","message":"==================================","timestamp":"2023-06-18 12:26:26"}
{"label":"ms-bot-ia-vector/index.js","level":"info","message":"======= servidor online ==========","timestamp":"2023-06-18 12:28:46"}
{"label":"ms-bot-ia-vector/index.js","level":"info","message":"======= 4000 =======","timestamp":"2023-06-18 12:28:46"}
{"label":"ms-bot-ia-vector/index.js","level":"info","message":"==================================","timestamp":"2023-06-18 12:28:46"}
{"label":"ms-bot-ia-vector/index.js","level":"info","message":"======= servidor online ==========","timestamp":"2023-06-18 21:16:58"}
{"label":"ms-bot-ia-vector/index.js","level":"info","message":"======= 4000 =======","timestamp":"2023-06-18 21:16:58"}
{"label":"ms-bot-ia-vector/index.js","level":"info","message":"==================================","timestamp":"2023-06-18 21:16:58"}
{"label":"ms-bot-ia-vector/index.js","level":"info","message":"======= servidor online ==========","timestamp":"2023-06-18 21:20:44"}
{"label":"ms-bot-ia-vector/index.js","level":"info","message":"======= 4000 =======","timestamp":"2023-06-18 21:20:44"}
{"label":"ms-bot-ia-vector/index.js","level":"info","message":"==================================","timestamp":"2023-06-18 21:20:44"}
{"label":"ms-bot-ia-vector/index.js","level":"info","message":"======= servidor online ==========","timestamp":"2023-06-19 15:49:08"}
{"label":"ms-bot-ia-vector/index.js","level":"info","message":"======= 4000 =======","timestamp":"2023-06-19 15:49:08"}
{"label":"ms-bot-ia-vector/index.js","level":"info","message":"==================================","timestamp":"2023-06-19 15:49:08"}
{"label":"ms-bot-ia-vector/index.js","level":"info","message":"======= servidor online ==========","timestamp":"2023-06-22 12:22:04"}
{"label":"ms-bot-ia-vector/index.js","level":"info","message":"======= 4000 =======","timestamp":"2023-06-22 12:22:04"}
{"label":"ms-bot-ia-vector/index.js","level":"info","message":"==================================","timestamp":"2023-06-22 12:22:04"}
{"label":"ms-bot-ia-vector/index.js","level":"info","message":"======= servidor online ==========","timestamp":"2023-06-24 21:36:24"}
{"label":"ms-bot-ia-vector/index.js","level":"info","message":"======= 4000 =======","timestamp":"2023-06-24 21:36:24"}
{"label":"ms-bot-ia-vector/index.js","level":"info","message":"==================================","timestamp":"2023-06-24 21:36:24"}
{"label":"ms-bot-ia-vector/index.js","level":"info","message":"======= servidor online ==========","timestamp":"2023-06-24 21:54:17"}
{"label":"ms-bot-ia-vector/index.js","level":"info","message":"======= 4000 =======","timestamp":"2023-06-24 21:54:17"}
{"label":"ms-bot-ia-vector/index.js","level":"info","message":"==================================","timestamp":"2023-06-24 21:54:17"}
